g010.anvil.rcac.purdue.edu
Mon Apr 24 20:33:08 2023       
+-----------------------------------------------------------------------------+
| NVIDIA-SMI 525.85.12    Driver Version: 525.85.12    CUDA Version: 12.0     |
|-------------------------------+----------------------+----------------------+
| GPU  Name        Persistence-M| Bus-Id        Disp.A | Volatile Uncorr. ECC |
| Fan  Temp  Perf  Pwr:Usage/Cap|         Memory-Usage | GPU-Util  Compute M. |
|                               |                      |               MIG M. |
|===============================+======================+======================|
|   0  NVIDIA A100-SXM...  On   | 00000000:01:00.0 Off |                    0 |
| N/A   31C    P0    53W / 400W |      0MiB / 40960MiB |      0%      Default |
|                               |                      |             Disabled |
+-------------------------------+----------------------+----------------------+
                                                                               
+-----------------------------------------------------------------------------+
| Processes:                                                                  |
|  GPU   GI   CI        PID   Type   Process name                  GPU Memory |
|        ID   ID                                                   Usage      |
|=============================================================================|
|  No running processes found                                                 |
+-----------------------------------------------------------------------------+

Currently Loaded Modules:
  1) modtree/gpu            5) mpfr/4.0.2       9) zlib/1.2.11
  2) nccl/cuda-11.2_2.8.4   6) mpc/1.1.0       10) cuda/11.4.2
  3) cudnn/cuda-11.2_8.1    7) gcc/11.2.0      11) openmpi/4.0.6
  4) gmp/6.2.1              8) numactl/2.0.14  12) boost/1.74.0

 

Consolidate compiler generated dependencies of target parallel
Consolidate compiler generated dependencies of target context
Consolidate compiler generated dependencies of target core
Consolidate compiler generated dependencies of target cudahelp
[  3%] Building CXX object CMakeFiles/core.dir/core/src/engine.cc.o
[  3%] Building CXX object CMakeFiles/parallel.dir/core/src/parallel/graph_parallel.cc.o
[  8%] Building CXX object CMakeFiles/parallel.dir/core/src/parallel/mixed_parallel.cc.o
[ 10%] Building CXX object CMakeFiles/parallel.dir/core/src/parallel/pipelined_model_parallel.cc.o
[ 10%] Building CXX object CMakeFiles/core.dir/core/src/partitioner.cc.o
[ 10%] Building CXX object CMakeFiles/parallel.dir/core/src/parallel/model_parallel.cc.o
[ 10%] Built target context
[ 11%] Building CXX object CMakeFiles/parallel.dir/core/src/parallel/hybrid_parallel.cc.o
[ 12%] Building CUDA object CMakeFiles/cudahelp.dir/core/src/cuda/cuda_data_compressor.cu.o
[ 13%] Building CXX object CMakeFiles/cudahelp.dir/core/src/cuda/cuda_executor.cc.o
[ 14%] Building CXX object CMakeFiles/cudahelp.dir/core/src/cuda/cuda_hybrid_parallel.cc.o
[ 15%] Building CUDA object CMakeFiles/cudahelp.dir/core/src/cuda/cuda_hybrid_parallel.cu.o
[ 17%] Building CXX object CMakeFiles/cudahelp.dir/core/src/cuda/cuda_model_parallel.cc.o
[ 17%] Building CUDA object CMakeFiles/cudahelp.dir/core/src/cuda/cuda_model_parallel.cu.o
[ 18%] Building CXX object CMakeFiles/cudahelp.dir/core/src/cuda/cuda_pipeline_parallel.cc.o
[ 20%] Building CUDA object CMakeFiles/cudahelp.dir/core/src/cuda/cuda_pipeline_parallel.cu.o
[ 21%] Building CXX object CMakeFiles/cudahelp.dir/core/src/cuda/cuda_single_cpu_engine.cc.o
[ 21%] Building CUDA object CMakeFiles/cudahelp.dir/core/src/cuda/cuda_single_cpu_engine.cu.o
[ 22%] Linking CXX shared library libcore.so
[ 29%] Built target core
[ 30%] Linking CXX static library libparallel.a
[ 30%] Built target parallel
[ 31%] Linking CXX static library libcudahelp.a
[ 39%] Built target cudahelp
Consolidate compiler generated dependencies of target OSDI2023_MULTI_NODES_gcnii
Consolidate compiler generated dependencies of target test_mpi_gpu_model_parallel
Consolidate compiler generated dependencies of target test_mpi_gpu_hybrid
Consolidate compiler generated dependencies of target test_cuda_graph
Consolidate compiler generated dependencies of target test_trivial
Consolidate compiler generated dependencies of target test_cuda_pipeline_parallel
Consolidate compiler generated dependencies of target test_mpi_gpu_pipelined_model_parallel
Consolidate compiler generated dependencies of target test_cuda
Consolidate compiler generated dependencies of target OSDI2023_SINGLE_NODE_gcn
Consolidate compiler generated dependencies of target test_hello_world
Consolidate compiler generated dependencies of target OSDI2023_SINGLE_NODE_gcn_inference
Consolidate compiler generated dependencies of target test_mpi_structual_graph
Consolidate compiler generated dependencies of target test_cuda_model_parallel
Consolidate compiler generated dependencies of target test_two_layer_hybrid_parallelism_designer
Consolidate compiler generated dependencies of target OSDI2023_MULTI_NODES_gcn
Consolidate compiler generated dependencies of target test_mpi_loader
Consolidate compiler generated dependencies of target test_nccl_thread
Consolidate compiler generated dependencies of target test_mpi_combined
Consolidate compiler generated dependencies of target test_mpi_non_structual_graph
Consolidate compiler generated dependencies of target test_full_non_structual_graph
Consolidate compiler generated dependencies of target test_full_structual_graph
Consolidate compiler generated dependencies of target test_mpi_pipelined_model_parallel
Consolidate compiler generated dependencies of target test_nccl_mpi
Consolidate compiler generated dependencies of target test_single_node_training
Consolidate compiler generated dependencies of target test_single_node_fullgpu_training
Consolidate compiler generated dependencies of target estimate_comm_volume
Consolidate compiler generated dependencies of target test_graph
Consolidate compiler generated dependencies of target test_mpi_model_parallel
Consolidate compiler generated dependencies of target test_single_node_gpu_training
[ 42%] Linking CXX executable test_mpi_loader
[ 45%] Linking CXX executable estimate_comm_volume
[ 45%] Linking CXX executable test_mpi_non_structual_graph
[ 50%] Linking CXX executable test_nccl_mpi
[ 45%] Linking CXX executable test_cuda_graph
[ 54%] Linking CXX executable test_full_structual_graph
[ 54%] Linking CXX executable test_trivial
[ 54%] Linking CXX executable test_graph
[ 54%] Linking CXX executable test_nccl_thread
[ 54%] Linking CXX executable test_mpi_structual_graph
[ 64%] Linking CXX executable test_hello_world
[ 64%] Building CXX object tests/CMakeFiles/test_cuda_pipeline_parallel.dir/test_cuda_pipeline_parallel.cc.o
[ 54%] Linking CXX executable test_full_non_structual_graph
[ 64%] Building CXX object tests/CMakeFiles/test_mpi_gpu_pipelined_model_parallel.dir/test_mpi_gpu_pipelined_model_parallel.cc.o
[ 54%] Linking CXX executable test_cuda
[ 64%] Building CXX object tests/CMakeFiles/test_single_node_fullgpu_training.dir/test_single_node_fullgpu_training.cc.o
[ 64%] Building CXX object tests/CMakeFiles/test_mpi_pipelined_model_parallel.dir/test_mpi_pipelined_model_parallel.cc.o
[ 64%] Building CXX object tests/CMakeFiles/test_single_node_gpu_training.dir/test_single_node_gpu_training.cc.o
[ 64%] Building CXX object tests/CMakeFiles/test_cuda_model_parallel.dir/test_cuda_model_parallel.cc.o
[ 64%] Building CXX object tests/CMakeFiles/test_single_node_training.dir/test_single_node_training.cc.o
[ 64%] Building CXX object tests/CMakeFiles/test_mpi_gpu_hybrid.dir/test_mpi_gpu_hybrid.cc.o
[ 64%] Building CXX object tests/CMakeFiles/test_mpi_gpu_model_parallel.dir/test_mpi_gpu_model_parallel.cc.o
[ 54%] Linking CXX executable test_mpi_combined
[ 64%] Building CXX object tests/CMakeFiles/test_mpi_model_parallel.dir/test_mpi_model_parallel.cc.o
[ 68%] Building CXX object tests/CMakeFiles/test_two_layer_hybrid_parallelism_designer.dir/test_two_layer_hybrid_parallelism_designer.cc.o
[ 68%] Building CXX object applications/single_gpu/CMakeFiles/OSDI2023_SINGLE_NODE_gcn.dir/gcn.cc.o
[ 69%] Building CXX object applications/async_multi_gpus/CMakeFiles/OSDI2023_MULTI_NODES_gcnii.dir/gcnii.cc.o
[ 69%] Building CXX object applications/async_multi_gpus/CMakeFiles/OSDI2023_MULTI_NODES_gcn.dir/gcn.cc.o
[ 69%] Building CXX object applications/single_gpu/CMakeFiles/OSDI2023_SINGLE_NODE_gcn_inference.dir/gcn_inference.cc.o
[ 75%] Built target test_full_structual_graph
[ 75%] Built target test_cuda
[ 75%] Built target test_mpi_loader
[ 75%] Built target estimate_comm_volume
[ 75%] Built target test_mpi_non_structual_graph
[ 76%] Built target test_trivial
[ 77%] Built target test_graph
[ 78%] Built target test_mpi_structual_graph
[ 79%] Built target test_mpi_combined
[ 80%] Built target test_full_non_structual_graph
[ 81%] Built target test_cuda_graph
[ 82%] Built target test_hello_world
[ 83%] Built target test_nccl_mpi
[ 84%] Built target test_nccl_thread
[ 85%] Linking CXX executable test_single_node_training
[ 86%] Linking CXX executable test_mpi_model_parallel
[ 87%] Linking CXX executable test_single_node_gpu_training
[ 88%] Linking CXX executable test_mpi_pipelined_model_parallel
[ 89%] Linking CXX executable test_mpi_gpu_pipelined_model_parallel
[ 90%] Linking CXX executable test_mpi_gpu_model_parallel
[ 90%] Built target test_single_node_training
/usr/bin/ld: Dwarf Error: Can't find .debug_ranges section.
../libcudahelp.a(cuda_executor.cc.o): In function `OperatorExecutorGPUV2::dropout_backward(DropoutOperator*, unsigned int, unsigned int, int)':
cuda_executor.cc:(.text+0xd75b): undefined reference to `OperatorExecutorGPUV2::cuda_vector_add(float*, float*, float*, int)'
[ 90%] Built target test_mpi_model_parallel
[ 91%] Linking CXX executable test_single_node_fullgpu_training
/usr/bin/ld: Dwarf Error: Can't find .debug_ranges section.
../libcudahelp.a(cuda_executor.cc.o): In function `OperatorExecutorGPUV2::dropout_backward(DropoutOperator*, unsigned int, unsigned int, int)':
cuda_executor.cc:(.text+0xd75b): undefined reference to `OperatorExecutorGPUV2::cuda_vector_add(float*, float*, float*, int)'
collect2: error: ld returned 1 exit status
make[2]: *** [tests/CMakeFiles/test_single_node_gpu_training.dir/build.make:109: tests/test_single_node_gpu_training] Error 1
make[1]: *** [CMakeFiles/Makefile2:1086: tests/CMakeFiles/test_single_node_gpu_training.dir/all] Error 2
make[1]: *** Waiting for unfinished jobs....
[ 92%] Linking CXX executable test_cuda_model_parallel
collect2: error: ld returned 1 exit status
[ 92%] Built target test_mpi_pipelined_model_parallel
make[2]: *** [tests/CMakeFiles/test_mpi_gpu_pipelined_model_parallel.dir/build.make:109: tests/test_mpi_gpu_pipelined_model_parallel] Error 1
make[1]: *** [CMakeFiles/Makefile2:506: tests/CMakeFiles/test_mpi_gpu_pipelined_model_parallel.dir/all] Error 2
/usr/bin/ld: Dwarf Error: Can't find .debug_ranges section.
../libcudahelp.a(cuda_executor.cc.o): In function `OperatorExecutorGPUV2::dropout_backward(DropoutOperator*, unsigned int, unsigned int, int)':
cuda_executor.cc:(.text+0xd75b): undefined reference to `OperatorExecutorGPUV2::cuda_vector_add(float*, float*, float*, int)'
collect2: error: ld returned 1 exit status
make[2]: *** [tests/CMakeFiles/test_mpi_gpu_model_parallel.dir/build.make:109: tests/test_mpi_gpu_model_parallel] Error 1
make[1]: *** [CMakeFiles/Makefile2:535: tests/CMakeFiles/test_mpi_gpu_model_parallel.dir/all] Error 2
[ 93%] Linking CXX executable test_mpi_gpu_hybrid
/usr/bin/ld: Dwarf Error: Can't find .debug_ranges section.
../libcudahelp.a(cuda_executor.cc.o): In function `OperatorExecutorGPUV2::dropout_backward(DropoutOperator*, unsigned int, unsigned int, int)':
cuda_executor.cc:(.text+0xd75b): undefined reference to `OperatorExecutorGPUV2::cuda_vector_add(float*, float*, float*, int)'
collect2: error: ld returned 1 exit status
make[2]: *** [tests/CMakeFiles/test_single_node_fullgpu_training.dir/build.make:109: tests/test_single_node_fullgpu_training] Error 1
make[1]: *** [CMakeFiles/Makefile2:854: tests/CMakeFiles/test_single_node_fullgpu_training.dir/all] Error 2
/usr/bin/ld: Dwarf Error: Can't find .debug_ranges section.
../libcudahelp.a(cuda_executor.cc.o): In function `OperatorExecutorGPUV2::dropout_backward(DropoutOperator*, unsigned int, unsigned int, int)':
cuda_executor.cc:(.text+0xd75b): undefined reference to `OperatorExecutorGPUV2::cuda_vector_add(float*, float*, float*, int)'
/usr/bin/ld: Dwarf Error: Can't find .debug_ranges section.
../libcudahelp.a(cuda_executor.cc.o): In function `OperatorExecutorGPUV2::dropout_backward(DropoutOperator*, unsigned int, unsigned int, int)':
cuda_executor.cc:(.text+0xd75b): undefined reference to `OperatorExecutorGPUV2::cuda_vector_add(float*, float*, float*, int)'
collect2: error: ld returned 1 exit status
make[2]: *** [tests/CMakeFiles/test_mpi_gpu_hybrid.dir/build.make:109: tests/test_mpi_gpu_hybrid] Error 1
make[1]: *** [CMakeFiles/Makefile2:448: tests/CMakeFiles/test_mpi_gpu_hybrid.dir/all] Error 2
[ 94%] Linking CXX executable test_cuda_pipeline_parallel
collect2: error: ld returned 1 exit status
make[2]: *** [tests/CMakeFiles/test_cuda_model_parallel.dir/build.make:109: tests/test_cuda_model_parallel] Error 1
make[1]: *** [CMakeFiles/Makefile2:651: tests/CMakeFiles/test_cuda_model_parallel.dir/all] Error 2
/usr/bin/ld: Dwarf Error: Can't find .debug_ranges section.
../libcudahelp.a(cuda_executor.cc.o): In function `OperatorExecutorGPUV2::dropout_backward(DropoutOperator*, unsigned int, unsigned int, int)':
cuda_executor.cc:(.text+0xd75b): undefined reference to `OperatorExecutorGPUV2::cuda_vector_add(float*, float*, float*, int)'
collect2: error: ld returned 1 exit status
make[2]: *** [tests/CMakeFiles/test_cuda_pipeline_parallel.dir/build.make:109: tests/test_cuda_pipeline_parallel] Error 1
make[1]: *** [CMakeFiles/Makefile2:593: tests/CMakeFiles/test_cuda_pipeline_parallel.dir/all] Error 2
[ 95%] Linking CXX executable gcn_inference
[ 96%] Linking CXX executable gcn
/usr/bin/ld: Dwarf Error: Can't find .debug_ranges section.
../../libcudahelp.a(cuda_executor.cc.o): In function `OperatorExecutorGPUV2::dropout_backward(DropoutOperator*, unsigned int, unsigned int, int)':
cuda_executor.cc:(.text+0xd75b): undefined reference to `OperatorExecutorGPUV2::cuda_vector_add(float*, float*, float*, int)'
collect2: error: ld returned 1 exit status
make[2]: *** [applications/single_gpu/CMakeFiles/OSDI2023_SINGLE_NODE_gcn_inference.dir/build.make:109: applications/single_gpu/gcn_inference] Error 1
make[1]: *** [CMakeFiles/Makefile2:390: applications/single_gpu/CMakeFiles/OSDI2023_SINGLE_NODE_gcn_inference.dir/all] Error 2
/usr/bin/ld: Dwarf Error: Can't find .debug_ranges section.
../../libcudahelp.a(cuda_executor.cc.o): In function `OperatorExecutorGPUV2::dropout_backward(DropoutOperator*, unsigned int, unsigned int, int)':
cuda_executor.cc:(.text+0xd75b): undefined reference to `OperatorExecutorGPUV2::cuda_vector_add(float*, float*, float*, int)'
[ 97%] Linking CXX executable gcn
collect2: error: ld returned 1 exit status
make[2]: *** [applications/single_gpu/CMakeFiles/OSDI2023_SINGLE_NODE_gcn.dir/build.make:109: applications/single_gpu/gcn] Error 1
make[1]: *** [CMakeFiles/Makefile2:419: applications/single_gpu/CMakeFiles/OSDI2023_SINGLE_NODE_gcn.dir/all] Error 2
[ 98%] Linking CXX executable gcnii
[100%] Linking CXX executable test_two_layer_hybrid_parallelism_designer
/usr/bin/ld: Dwarf Error: Can't find .debug_ranges section.
../../libcudahelp.a(cuda_executor.cc.o): In function `OperatorExecutorGPUV2::dropout_backward(DropoutOperator*, unsigned int, unsigned int, int)':
cuda_executor.cc:(.text+0xd75b): undefined reference to `OperatorExecutorGPUV2::cuda_vector_add(float*, float*, float*, int)'
[100%] Built target test_two_layer_hybrid_parallelism_designer
/usr/bin/ld: Dwarf Error: Can't find .debug_ranges section.
../../libcudahelp.a(cuda_executor.cc.o): In function `OperatorExecutorGPUV2::dropout_backward(DropoutOperator*, unsigned int, unsigned int, int)':
cuda_executor.cc:(.text+0xd75b): undefined reference to `OperatorExecutorGPUV2::cuda_vector_add(float*, float*, float*, int)'
collect2: error: ld returned 1 exit status
make[2]: *** [applications/async_multi_gpus/CMakeFiles/OSDI2023_MULTI_NODES_gcn.dir/build.make:109: applications/async_multi_gpus/gcn] Error 1
make[1]: *** [CMakeFiles/Makefile2:361: applications/async_multi_gpus/CMakeFiles/OSDI2023_MULTI_NODES_gcn.dir/all] Error 2
collect2: error: ld returned 1 exit status
make[2]: *** [applications/async_multi_gpus/CMakeFiles/OSDI2023_MULTI_NODES_gcnii.dir/build.make:109: applications/async_multi_gpus/gcnii] Error 1
make[1]: *** [CMakeFiles/Makefile2:332: applications/async_multi_gpus/CMakeFiles/OSDI2023_MULTI_NODES_gcnii.dir/all] Error 2
make: *** [Makefile:91: all] Error 2
--------------------------------------------------------------------------
mpirun was unable to launch the specified application as it could not access
or execute an executable:

Executable: ./applications/async_multi_gpus/gcnii
Node: g010

while attempting to start process rank 0.
--------------------------------------------------------------------------
